Streaming transaction logs mentioning 2Xov1MEbY8DdK3MDci83RDJmAK1SHJxg4HtoiCLcBUen. Confirmed commitment
Transaction executed in slot 1552896:
  Signature: 4oz2L6pHcf2yzKLAAKfzLNWjkVNETq6HEPsW61nomLPXMyehZexaksRgupp5JHVzzURtmZiyAqRPf6vS9J2JZqFt
  Status: Ok
  Log Messages:
    Program 2Xov1MEbY8DdK3MDci83RDJmAK1SHJxg4HtoiCLcBUen invoke [1]
    Program log: Instruction: CreateRace
    Program 11111111111111111111111111111111 invoke [2]
    Program 11111111111111111111111111111111 success
    Program 2Xov1MEbY8DdK3MDci83RDJmAK1SHJxg4HtoiCLcBUen consumed 15013 of 200000 compute units
    Program 2Xov1MEbY8DdK3MDci83RDJmAK1SHJxg4HtoiCLcBUen success
Transaction executed in slot 1552903:
  Signature: 5miqRFKPq32qKYCQQReHjZhBT7oEXFsKoBEf5MDtev8X8agC4ZGvuKKrR21tcBUh1yenT98PTLhmQHGVCH3dv1He
  Status: Ok
  Log Messages:
    Program 2Xov1MEbY8DdK3MDci83RDJmAK1SHJxg4HtoiCLcBUen invoke [1]
    Program log: Instruction: JoinRace
    Program 11111111111111111111111111111111 invoke [2]
    Program 11111111111111111111111111111111 success
    Program 11111111111111111111111111111111 invoke [2]
    Program 11111111111111111111111111111111 success
    Program 2Xov1MEbY8DdK3MDci83RDJmAK1SHJxg4HtoiCLcBUen consumed 22541 of 200000 compute units
    Program 2Xov1MEbY8DdK3MDci83RDJmAK1SHJxg4HtoiCLcBUen success
Transaction executed in slot 1552908:
  Signature: 5ZnMuW8bwkZ4q7CoaES3AmKkbuLDR6SH13c9DNgyNz1PvW6KCWrB5pnfdg3Ldu2DKQjiC5Moa4GPDEqmVkNLCNKx
  Status: Ok
  Log Messages:
    Program 2Xov1MEbY8DdK3MDci83RDJmAK1SHJxg4HtoiCLcBUen invoke [1]
    Program log: Instruction: JoinRace
    Program 11111111111111111111111111111111 invoke [2]
    Program 11111111111111111111111111111111 success
    Program 11111111111111111111111111111111 invoke [2]
    Program 11111111111111111111111111111111 success
    Program 2Xov1MEbY8DdK3MDci83RDJmAK1SHJxg4HtoiCLcBUen consumed 22541 of 200000 compute units
    Program 2Xov1MEbY8DdK3MDci83RDJmAK1SHJxg4HtoiCLcBUen success
Transaction executed in slot 1552914:
  Signature: 5M4nCfUJ9bnLwzssjyQQkK22SGAmTm3qoikZegcri11hRDp6WEz5kKHsGH6gj9o1neRVfALNoM8MVgA8gLeUn7AG
  Status: Ok
  Log Messages:
    Program 2Xov1MEbY8DdK3MDci83RDJmAK1SHJxg4HtoiCLcBUen invoke [1]
    Program log: Instruction: JoinRace
    Program 11111111111111111111111111111111 invoke [2]
    Program 11111111111111111111111111111111 success
    Program 11111111111111111111111111111111 invoke [2]
    Program 11111111111111111111111111111111 success
    Program 2Xov1MEbY8DdK3MDci83RDJmAK1SHJxg4HtoiCLcBUen consumed 22541 of 200000 compute units
    Program 2Xov1MEbY8DdK3MDci83RDJmAK1SHJxg4HtoiCLcBUen success
Transaction executed in slot 1552945:
  Signature: 5hUDu6ifkgLJUUjHmgKf3H7ZRMDYaGBrG6qWwDHKZ4XwobKzHDwU1Q5KLNSfUtSy9n9rTok5xCHmrfKChqYaLSYJ
  Status: Ok
  Log Messages:
    Program 2Xov1MEbY8DdK3MDci83RDJmAK1SHJxg4HtoiCLcBUen invoke [1]
    Program log: Instruction: UpdatePlatformFee
    Program 2Xov1MEbY8DdK3MDci83RDJmAK1SHJxg4HtoiCLcBUen consumed 3614 of 200000 compute units
    Program 2Xov1MEbY8DdK3MDci83RDJmAK1SHJxg4HtoiCLcBUen success
Transaction executed in slot 1552952:
  Signature: 3jUkfCFwheqtApaGAQ6xQwdbe9f4X2N8Z5Vp7dGKttFvKhWyGuKg35ihjFF3vjzxa8amYxuVm6SkoQyuhYF6WSrE
  Status: Ok
  Log Messages:
    Program 2Xov1MEbY8DdK3MDci83RDJmAK1SHJxg4HtoiCLcBUen invoke [1]
    Program log: Instruction: WithdrawPlatformFees
    Program 2Xov1MEbY8DdK3MDci83RDJmAK1SHJxg4HtoiCLcBUen consumed 4113 of 200000 compute units
    Program 2Xov1MEbY8DdK3MDci83RDJmAK1SHJxg4HtoiCLcBUen success
